{"name":"test002","id":"in.reqres.studentinfo.UserCURDTestWithSteps:test002","testCaseName":"in.reqres.studentinfo.UserCURDTestWithSteps","testSteps":[{"number":1,"description":"Getting the User information with ID: 983","duration":219,"startTime":"2022-06-09T15:47:46.003+01:00[Europe/London]","exception":{"errorType":"java.lang.AssertionError","message":"1 expectation failed.\nExpected status code \u003c200\u003e but was \u003c404\u003e.\n","stackTrace":[{"declaringClass":"io.restassured.internal.ResponseSpecificationImpl","methodName":"validateResponseIfRequired","fileName":"ResponseSpecificationImpl.groovy","lineNumber":636},{"declaringClass":"io.restassured.internal.ResponseSpecificationImpl","methodName":"statusCode","fileName":"ResponseSpecificationImpl.groovy","lineNumber":122},{"declaringClass":"io.restassured.internal.ResponseSpecificationImpl","methodName":"statusCode","fileName":"ResponseSpecificationImpl.groovy","lineNumber":130},{"declaringClass":"io.restassured.internal.ValidatableResponseOptionsImpl","methodName":"statusCode","fileName":"ValidatableResponseOptionsImpl.java","lineNumber":117},{"declaringClass":"in.reqres.studentinfo.UsersSteps","methodName":"getProductInfoByName","fileName":"UsersSteps.java","lineNumber":46},{"declaringClass":"in.reqres.studentinfo.UserCURDTestWithSteps","methodName":"test002","fileName":"UserCURDTestWithSteps.java","lineNumber":43}]},"result":"FAILURE","precondition":false,"children":[{"number":2,"description":"GET https://reqres.in/api/users/983\r\r","duration":0,"startTime":"2022-06-09T15:47:46.191+01:00[Europe/London]","result":"SUCCESS","restQuery":{"method":"GET","path":"https://reqres.in/api/users/983\r\r","content":"\r","contentType":"null","requestHeaders":"Accept\u003d*/*\r\r","requestCookies":"\r\r","responseHeaders":"Date: Thu, 09 Jun 2022 14:47:51 GMT\nContent-Type: application/json; charset\u003dutf-8\nContent-Length: 2\nConnection: keep-alive\nX-Powered-By: Express\nAccess-Control-Allow-Origin: *\nEtag: W/\"2-vyGp6PvFo4RvsFtPoIWeCReyIC8\"\nVia: 1.1 vegur\nCache-Control: max-age\u003d14400\nCF-Cache-Status: MISS\nExpect-CT: max-age\u003d604800, report-uri\u003d\"https://report-uri.cloudflare.com/cdn-cgi/beacon/expect-ct\"\nReport-To: {\"endpoints\":[{\"url\":\"https:\\/\\/a.nel.cloudflare.com\\/report\\/v3?s\u003dYVANagrPkQgtbsM%2BmfDIJUmLY8XgVG4H6z1p2DjRMHVB8KCfMZhRuz83%2FNrdumBoL0QOlCykDGzCbkIyLXP3AAvsopkNq7ecLxFh6VrVpcaivKY9bPKgLuX3Bc0%3D\"}],\"group\":\"cf-nel\",\"max_age\":604800}\nNEL: {\"success_fraction\":0,\"report_to\":\"cf-nel\",\"max_age\":604800}\nVary: Accept-Encoding\nServer: cloudflare\nCF-RAY: 718aaa309f7f74fd-LHR\nalt-svc: h3\u003d\":443\"; ma\u003d86400, h3-29\u003d\":443\"; ma\u003d86400\r","responseCookies":"\r","responseBody":"{\n    \n}","statusCode":404},"precondition":false}]}],"userStory":{"id":"in.reqres.studentinfo.UserCURDTestWithSteps","storyName":"User CURD test with steps","storyClassName":"in.reqres.studentinfo.UserCURDTestWithSteps","path":"in.reqres.studentinfo","type":"story"},"featureTag":{"name":"Studentinfo/User CURD test with steps","type":"story"},"title":"Verify is User is added or not","tags":[{"name":"Studentinfo/User CURD test with steps","type":"story"}],"startTime":"2022-06-09T15:47:46.003+01:00[Europe/London]","duration":235,"testFailureCause":{"errorType":"java.lang.AssertionError","message":"1 expectation failed.\nExpected status code \u003c200\u003e but was \u003c404\u003e.\n","stackTrace":[{"declaringClass":"io.restassured.internal.ResponseSpecificationImpl","methodName":"validateResponseIfRequired","fileName":"ResponseSpecificationImpl.groovy","lineNumber":636},{"declaringClass":"io.restassured.internal.ResponseSpecificationImpl","methodName":"statusCode","fileName":"ResponseSpecificationImpl.groovy","lineNumber":122},{"declaringClass":"io.restassured.internal.ResponseSpecificationImpl","methodName":"statusCode","fileName":"ResponseSpecificationImpl.groovy","lineNumber":130},{"declaringClass":"io.restassured.internal.ValidatableResponseOptionsImpl","methodName":"statusCode","fileName":"ValidatableResponseOptionsImpl.java","lineNumber":117},{"declaringClass":"in.reqres.studentinfo.UsersSteps","methodName":"getProductInfoByName","fileName":"UsersSteps.java","lineNumber":46},{"declaringClass":"in.reqres.studentinfo.UserCURDTestWithSteps","methodName":"test002","fileName":"UserCURDTestWithSteps.java","lineNumber":43}]},"testFailureClassname":"java.lang.AssertionError","testFailureMessage":"1 expectation failed.\nExpected status code \u003c200\u003e but was \u003c404\u003e.\n","testFailureSummary":"FAILURE;java.lang.AssertionError;1 expectation failed.\nExpected status code \u003c200\u003e but was \u003c404\u003e.\n;ResponseSpecificationImpl.groovy","projectKey":"","annotatedResult":"FAILURE","manual":false,"testSource":"JUnit","result":"FAILURE"}